2023-03-31T13:49:13+00:00 ERROR Error getting data feed
2023-03-31T13:49:13+00:00 ERROR WP_Error Object
(
    [errors] => Array
        (
            [http_request_failed] => Array
                (
                    [0] => cURL error 28: Connection timed out after 5007 milliseconds
                )

        )

    [error_data] => Array
        (
        )

    [additional_data:protected] => Array
        (
        )

)

2023-03-31T13:49:18+00:00 ERROR Error getting data feed
2023-03-31T13:49:18+00:00 ERROR WP_Error Object
(
    [errors] => Array
        (
            [http_request_failed] => Array
                (
                    [0] => cURL error 28: Connection timed out after 5009 milliseconds
                )

        )

    [error_data] => Array
        (
        )

    [additional_data:protected] => Array
        (
        )

)

2023-03-31T13:49:29+00:00 ERROR Error getting data feed
2023-03-31T13:49:29+00:00 ERROR WP_Error Object
(
    [errors] => Array
        (
            [http_request_failed] => Array
                (
                    [0] => cURL error 60: SSL: no alternative certificate subject name matches target host name 'woocommerce.com'
                )

        )

    [error_data] => Array
        (
        )

    [additional_data:protected] => Array
        (
        )

)

2023-03-31T13:49:34+00:00 ERROR Error getting data feed
2023-03-31T13:49:34+00:00 ERROR WP_Error Object
(
    [errors] => Array
        (
            [http_request_failed] => Array
                (
                    [0] => cURL error 28: Connection timed out after 5011 milliseconds
                )

        )

    [error_data] => Array
        (
        )

    [additional_data:protected] => Array
        (
        )

)

